1.0 2.0 9.329204641141606
1.0 3.0 9.949348758956795
1.0 4.0 12.36932922999118
1.0 5.0 10.83291955654985
1.0 6.0 10.025101169435757
1.0 7.0 6.693396833799955
1.0 8.0 8.593298612936854
1.0 9.0 12.252529036834812
1.0 10.0 8.617843927066694
1.0 11.0 10.355189909699924
1.0 12.0 7.396756237937211
1.0 13.0 4.764240725073034
1.0 14.0 12.622896594860238
1.0 15.0 9.45112816126979
1.0 16.0 9.8369433361261
1.0 17.0 6.871398340393532
1.0 18.0 8.93607269003413
1.0 19.0 11.728570454562771
2.0 3.0 4.743723810366921
2.0 4.0 16.365638553189644
2.0 5.0 7.72652643118407
2.0 6.0 6.189984742225107
2.0 7.0 6.777486835679268
2.0 8.0 3.121275403154276
2.0 9.0 9.12104524402633
2.0 10.0 6.0183262191093085
2.0 11.0 6.453549506541986
2.0 12.0 12.306696331432192
2.0 13.0 8.795111284270057
2.0 14.0 17.359212642279072
2.0 15.0 5.792997535390847
2.0 16.0 5.876198393575115
2.0 17.0 12.063982781437645
2.0 18.0 5.5875246044468625
2.0 19.0 8.555148343920406
3.0 4.0 16.979803833927296
3.0 5.0 8.378309888538887
3.0 6.0 6.828674448616185
3.0 7.0 7.365610576838435
3.0 8.0 4.631011330220666
3.0 9.0 9.769755000763297
3.0 10.0 6.489243109392074
3.0 11.0 6.9512854240865085
3.0 12.0 12.92650256695678
3.0 13.0 9.410804429634869
3.0 14.0 17.980015834923474
3.0 15.0 6.4851464133751
3.0 16.0 6.339216007253543
3.0 17.0 12.68382149428594
3.0 18.0 6.369921248382631
3.0 19.0 9.453158372846424
4.0 5.0 18.050559775196373
4.0 6.0 17.158296389791595
4.0 7.0 13.508888548707025
4.0 8.0 15.62340119031819
4.0 9.0 19.46569483646487
4.0 10.0 15.550265642020054
4.0 11.0 17.44996284695444
4.0 12.0 14.680194319483107
4.0 13.0 10.287400183040097
4.0 14.0 19.914547696105068
4.0 15.0 16.607951719479807
4.0 16.0 16.918419557970836
4.0 17.0 14.576215066314269
4.0 18.0 15.909949346169885
4.0 19.0 18.725139478505017
5.0 6.0 6.52969147551687
5.0 7.0 9.010710401652602
5.0 8.0 7.173311071160894
5.0 9.0 5.469051713098855
5.0 10.0 8.64674536683831
5.0 11.0 7.400885382838753
5.0 12.0 13.736850098853793
5.0 13.0 10.480349543874542
5.0 14.0 18.703834817784724
5.0 15.0 5.780364842306978
5.0 16.0 7.146632089320627
5.0 17.0 13.512422180168892
5.0 18.0 8.674764189245776
5.0 19.0 11.408321558120088
6.0 7.0 7.866708092505578
6.0 8.0 5.686444027340922
6.0 9.0 7.910892717855017
6.0 10.0 7.280190810006416
6.0 11.0 5.79887492753277
6.0 12.0 12.972794260458354
6.0 13.0 9.588627689583156
6.0 14.0 17.984759583617
6.0 15.0 4.541644755737046
6.0 16.0 5.507561590865478
6.0 17.0 12.737469774164838
6.0 18.0 7.309225455317077
6.0 19.0 10.126996143457308
7.0 8.0 6.023466007051947
7.0 9.0 10.417145398365598
7.0 10.0 5.519786470166142
7.0 11.0 8.039448147229944
7.0 12.0 9.7231435526717
7.0 13.0 5.920063070201522
7.0 14.0 14.86247930334957
7.0 15.0 7.391465147509438
7.0 16.0 7.467020573784366
7.0 17.0 9.466335124488488
7.0 18.0 6.134250272178077
7.0 19.0 9.146118762159736
8.0 9.0 8.57035307514996
8.0 10.0 5.3448819218360555
8.0 11.0 5.983347633939356
8.0 12.0 11.574388816000367
8.0 13.0 8.051525007886282
8.0 14.0 16.630720640226016
8.0 15.0 5.245755813171105
8.0 16.0 5.417069435533305
8.0 17.0 11.330825789787166
8.0 18.0 4.602717226740039
8.0 19.0 7.436715368787775
9.0 10.0 10.042532097393593
9.0 11.0 8.760524957124597
9.0 12.0 15.150366503421846
9.0 13.0 11.895783765110249
9.0 14.0 20.113710063151398
9.0 15.0 7.196957638976501
9.0 16.0 8.514070925033144
9.0 17.0 14.928845524205126
9.0 18.0 10.073976381473713
9.0 19.0 12.813456237867282
10.0 11.0 7.289084972738977
10.0 12.0 11.616087867482499
10.0 13.0 7.983401782526669
10.0 14.0 16.705045010593206
10.0 15.0 6.899375399900405
10.0 16.0 6.667195351430205
10.0 17.0 11.367850074044755
10.0 18.0 5.709612330280288
10.0 19.0 9.107828703765788
11.0 12.0 13.31054715267366
11.0 13.0 9.882629567385651
11.0 14.0 18.335792530914997
11.0 15.0 5.768428255266761
11.0 16.0 4.1849553570815745
11.0 17.0 13.07327040660703
11.0 18.0 7.487066531595503
11.0 19.0 10.414669132687381
12.0 13.0 7.287164104228218
12.0 14.0 8.353660700880763
12.0 15.0 12.396314092066063
12.0 16.0 12.7961059988674
12.0 17.0 7.29441370432267
12.0 18.0 11.936836969898089
12.0 19.0 14.7339512598404
13.0 14.0 12.517236125531099
13.0 15.0 9.03706102841314
13.0 16.0 9.351622315344425
13.0 17.0 7.11625224807398
13.0 18.0 8.333642174876662
13.0 19.0 11.144152692637237
14.0 15.0 17.40128143925421
14.0 16.0 17.826640260609217
14.0 17.0 12.539424547203541
14.0 18.0 17.01880372436327
14.0 19.0 19.81379240881371
15.0 16.0 5.43614205536459
15.0 17.0 12.16165653881281
15.0 18.0 6.873045181510717
15.0 19.0 9.615772628992344
16.0 17.0 12.557870592365198
16.0 18.0 6.901709244584941
16.0 19.0 9.859574112187788
17.0 18.0 11.688441421315567
17.0 19.0 14.484828434942024
18.0 19.0 7.858423548392637
