        [Circuitscape Mode]
        data_type = raster
        scenario = pairwise

        [Version]
        version = 5.0.0

        [Habitat raster or graph]
        habitat_file = C:\Users\tj311\AppData\Local\Temp\RtmpKAKXlI\raster_3ea87ee88f.asc
        habitat_map_is_resistances = True

        [Connection Scheme for raster habitat data]
        connect_four_neighbors_only = false
        connect_using_avg_resistances = false

        [Short circuit regions (aka polygons)]
        use_polygons = false
        polygon_file = False

        [Options for advanced mode]
        ground_file_is_resistances = true
        source_file = (Browse for a raster mask file)
        remove_src_or_gnd = rmvsrc
        ground_file = (Browse for a raster mask file)
        use_unit_currents = false
        use_direct_grounds = false

        [Mask file]
        use_mask = false
        mask_file = (Browse for a raster mask file)

        [Options for one-to-all and all-to-one modes]
        use_variable_source_strengths = false
        variable_source_file = (Browse for a short-circuit region file)

        [Options for pairwise and one-to-all and all-to-one modes]
        included_pairs_file = (Browse for a file with pairs to include or exclude)
        use_included_pairs = false
        point_file = C:\Users\tj311\OneDrive - University of Exeter\NERC_lighting_project\bat_artificial_lighting\data\WGS\coordinates.txt

        [Calculation options]
		solver = cholmod

        [Output options]
        write_cum_cur_map_only = true
        log_transform_maps = false
        output_file = C:\Users\tj311\OneDrive - University of Exeter\NERC_lighting_project\bat_artificial_lighting\outputs\Circuitscape\Land_Cover_Scenario1.out
        write_max_cur_maps = false
        write_volt_maps = false
        set_null_currents_to_nodata = true
        set_null_voltages_to_nodata = true
        compress_grids = false
        write_cur_maps = true
        