1.0 2.0 17.41091944484868
1.0 3.0 13.237315448856204
1.0 4.0 19.30402684085507
1.0 5.0 14.054058033135203
1.0 6.0 13.785086469311477
1.0 7.0 10.397258549498943
1.0 8.0 12.20212415486008
1.0 9.0 15.6752793393943
1.0 10.0 14.405659121991672
1.0 11.0 14.719393060516675
1.0 12.0 11.142986250293873
1.0 13.0 7.379349588427784
1.0 14.0 18.16956175524239
1.0 15.0 13.554057543052892
1.0 16.0 14.475963230049775
1.0 17.0 10.770212184292458
1.0 18.0 12.137778274377478
1.0 19.0 13.404779295505712
2.0 3.0 10.539507631687602
2.0 4.0 27.26224116689829
2.0 5.0 13.924585390061686
2.0 6.0 12.542333096394902
2.0 7.0 12.974524044571767
2.0 8.0 9.103869246258753
2.0 9.0 15.520747890292427
2.0 10.0 14.236887870980897
2.0 11.0 13.41044981722293
2.0 12.0 20.218289772972966
2.0 13.0 15.424323500728187
2.0 14.0 26.99623423337168
2.0 15.0 12.527451804319464
2.0 16.0 13.092452584980151
2.0 17.0 20.20054565289771
2.0 18.0 11.570313547883547
2.0 19.0 13.660640267607507
3.0 4.0 23.076095108871584
3.0 5.0 9.777403394648253
3.0 6.0 8.361353000250038
3.0 7.0 8.743110310866472
3.0 8.0 6.278503082748287
3.0 9.0 11.368416950364757
3.0 10.0 9.791576407982356
3.0 11.0 8.980200881037703
3.0 12.0 16.04302775685679
3.0 13.0 11.242922815781196
3.0 14.0 22.822318140543135
3.0 15.0 8.452612657936362
3.0 16.0 8.603516861266556
3.0 17.0 16.0255166237026
3.0 18.0 7.524956201969341
3.0 19.0 9.689422955979849
4.0 5.0 24.176313025664598
4.0 6.0 23.76288678860294
4.0 7.0 19.95377674910766
4.0 8.0 22.05252971254777
4.0 9.0 25.79119404514858
4.0 10.0 24.119696728253764
4.0 11.0 24.644239064696443
4.0 12.0 21.028165042548228
4.0 13.0 15.200629598152519
4.0 14.0 28.066511032669116
4.0 15.0 23.56378480336228
4.0 16.0 24.382290901326233
4.0 17.0 21.177567085051926
4.0 18.0 21.9047954563612
4.0 19.0 23.18456834947933
5.0 6.0 8.30627146282044
5.0 7.0 10.731750588725525
5.0 8.0 8.850842865302635
5.0 9.0 6.087345934048681
5.0 10.0 12.457783818503277
5.0 11.0 9.759119532956536
5.0 12.0 16.742851177670914
5.0 13.0 12.335787953347511
5.0 14.0 23.398519806434557
5.0 15.0 7.954018767328154
5.0 16.0 9.79626907028897
5.0 17.0 16.74959812137348
5.0 18.0 10.108468326864362
5.0 19.0 11.781753643492703
6.0 7.0 9.878893497269267
6.0 8.0 7.546060537916868
6.0 9.0 9.881622502827314
6.0 10.0 11.30316504752144
6.0 11.0 8.251675557005461
6.0 12.0 16.54998732767112
6.0 13.0 11.925942512881093
6.0 14.0 23.276867142935757
6.0 15.0 6.894595223619836
6.0 16.0 8.24444934982471
6.0 17.0 16.54088679259683
6.0 18.0 8.995222888678992
6.0 19.0 10.810993407375282
7.0 8.0 7.769475664294998
7.0 9.0 12.338986847712441
7.0 10.0 9.23771769896932
7.0 11.0 10.605989125642619
7.0 12.0 13.263819723765637
7.0 13.0 8.090217867293198
7.0 14.0 20.145609122765926
7.0 15.0 9.77728050735292
7.0 16.0 10.288499104733305
7.0 17.0 13.231624056290638
7.0 18.0 7.32868098228116
7.0 19.0 8.855379534730918
8.0 9.0 10.451300904874106
8.0 10.0 9.189106017618176
8.0 11.0 8.52218978151979
8.0 12.0 15.01412697367894
8.0 13.0 10.210985091915717
8.0 14.0 21.795190101512315
8.0 15.0 7.439481398619483
8.0 16.0 8.232582932227114
8.0 17.0 14.99552621065655
8.0 18.0 6.202938549026259
8.0 19.0 8.196429685961547
9.0 10.0 14.054165283258104
9.0 11.0 11.310049044966034
9.0 12.0 18.34990500885885
9.0 13.0 13.951445678037945
9.0 14.0 24.997649466815812
9.0 15.0 9.57018100475647
9.0 16.0 11.356520576933853
9.0 17.0 18.362210912306537
9.0 18.0 11.71050756139935
9.0 19.0 13.390482597908893
10.0 11.0 11.81331369316574
10.0 12.0 17.2363711693894
10.0 13.0 12.293221738618598
10.0 14.0 24.05643528339062
10.0 15.0 11.321504919291538
10.0 16.0 11.433890827094693
10.0 17.0 17.213268956447177
10.0 18.0 8.997911299879673
10.0 19.0 11.234554338698036
11.0 12.0 17.493021362337366
11.0 13.0 12.813954769060745
11.0 14.0 24.23559037104447
11.0 15.0 8.807120208684044
11.0 16.0 6.701052848145974
11.0 17.0 17.482078310968696
11.0 18.0 9.747139574001967
11.0 19.0 11.668650284115152
12.0 13.0 9.443602729407722
12.0 14.0 10.98446103551554
12.0 15.0 16.317389027340713
12.0 16.0 17.2548641127701
12.0 17.0 9.599490885882693
12.0 18.0 14.979787528563888
12.0 19.0 16.267762421788873
13.0 14.0 16.47967616015183
13.0 15.0 11.723527055816845
13.0 16.0 12.553517226050452
13.0 17.0 9.50466524944142
13.0 18.0 10.056159858480914
13.0 19.0 11.320692036719185
14.0 15.0 23.0364980184114
14.0 16.0 24.004164735835925
14.0 17.0 16.69414451856886
14.0 18.0 21.79665192353183
14.0 19.0 23.09448455480959
15.0 16.0 8.738603636103011
15.0 17.0 16.308632988584932
15.0 18.0 8.918288335469017
15.0 19.0 10.654949248876235
16.0 17.0 17.242816225293137
16.0 18.0 9.420105219875946
16.0 19.0 11.372468671496266
17.0 18.0 14.95511514196297
17.0 19.0 16.239620326083475
18.0 19.0 7.85043809498489
