1.0 2.0 1.61687068710201
1.0 3.0 1.624852031027727
1.0 4.0 2.1496710931869654
1.0 5.0 2.136252543969328
1.0 6.0 1.8369663827861356
1.0 7.0 1.2655062589575308
1.0 8.0 1.600875604368544
1.0 9.0 2.3327445364276223
1.0 10.0 1.4929785620489537
1.0 11.0 1.8773225336099622
1.0 12.0 1.3141797474483181
1.0 13.0 0.9176883715819746
1.0 14.0 2.1133022926678064
1.0 15.0 1.8451498724973259
1.0 16.0 1.8412126703774812
1.0 17.0 1.1603454106667248
1.0 18.0 1.456318450837338
1.0 19.0 1.5255026653356625
2.0 3.0 0.5969746259490929
2.0 4.0 2.7215157135563146
2.0 5.0 1.1806984793107866
2.0 6.0 0.8525650519575174
2.0 7.0 0.9728784645565673
2.0 8.0 0.5317898223948917
2.0 9.0 1.3754823948022925
2.0 10.0 0.8116202936209673
2.0 11.0 0.9146239969300332
2.0 12.0 2.0839410835330368
2.0 13.0 1.4780807806956513
2.0 14.0 2.876832191829667
2.0 15.0 0.8612235906946796
2.0 16.0 0.8822271651260158
2.0 17.0 1.965047194671367
2.0 18.0 0.74328611753114
2.0 19.0 0.9169620836352466
3.0 4.0 2.7291164378123898
3.0 5.0 1.2002787791406075
3.0 6.0 0.8671839658285789
3.0 7.0 0.9759426892565015
3.0 8.0 0.6616127699530108
3.0 9.0 1.3940454440588708
3.0 10.0 0.7958494967690193
3.0 11.0 0.9054505227584295
3.0 12.0 2.0918819538691595
3.0 13.0 1.4857238264181079
3.0 14.0 2.8848332887089825
3.0 15.0 0.8901261492441014
3.0 16.0 0.8666643176107238
3.0 17.0 1.9729860790602918
3.0 18.0 0.7624753147300486
3.0 19.0 0.9449977898675201
4.0 5.0 3.246834192938128
4.0 6.0 2.944306064393496
4.0 7.0 2.3591748717410477
4.0 8.0 2.7054541643843835
4.0 9.0 3.442987923994661
4.0 10.0 2.5937605102308723
4.0 11.0 2.983549117054197
4.0 12.0 2.474368024835359
4.0 13.0 1.7860583791657025
4.0 14.0 3.2745489643177415
4.0 15.0 2.953363275739345
4.0 16.0 2.9470034895127166
4.0 17.0 2.3772238555328054
4.0 18.0 2.55907046926252
4.0 19.0 2.629382429971304
5.0 6.0 1.0368527801025964
5.0 7.0 1.5177635450959817
5.0 8.0 1.1987711443932876
5.0 9.0 0.8428462945370303
5.0 10.0 1.35591704692437
5.0 11.0 1.1726761565307018
5.0 12.0 2.5997880749702076
5.0 13.0 2.0038849387124644
5.0 14.0 3.3893914443670723
5.0 15.0 0.9966452345480883
5.0 16.0 1.1895326075889443
5.0 17.0 2.481806428579341
5.0 18.0 1.320397792026375
5.0 19.0 1.4809857044426016
6.0 7.0 1.2031776777752654
6.0 8.0 0.876513316187564
6.0 9.0 1.2284859683643152
6.0 10.0 1.0329397805356733
6.0 11.0 0.8449159044965648
6.0 12.0 2.302598419245709
6.0 13.0 1.7011315049341968
6.0 14.0 3.094075946161155
6.0 15.0 0.73627214149552
6.0 16.0 0.8530446481197724
6.0 17.0 2.1840770934950346
6.0 18.0 1.0012760833416383
6.0 19.0 1.1665542898421402
7.0 8.0 0.95924618420944
7.0 9.0 1.7127677104366228
7.0 10.0 0.808237289799904
7.0 11.0 1.2366679192493852
7.0 12.0 1.7328758924578591
7.0 13.0 1.1151492116117876
7.0 14.0 2.5285643449492716
7.0 15.0 1.2164518119372456
7.0 16.0 1.1981064058810564
7.0 17.0 1.613557437770679
7.0 18.0 0.8111489946989334
7.0 19.0 0.9153466058908398
8.0 9.0 1.3940809664569196
8.0 10.0 0.8124727052360529
8.0 11.0 0.9432053544136998
8.0 12.0 2.0681475841825936
8.0 13.0 1.4619587630541744
8.0 14.0 2.8611687707321067
8.0 15.0 0.8773023799185216
8.0 16.0 0.9122521608326122
8.0 17.0 1.949210265749493
8.0 18.0 0.717248649130359
8.0 19.0 0.8807354028658483
9.0 10.0 1.5499067379538216
9.0 11.0 1.3593106568893636
9.0 12.0 2.7963101438960063
9.0 13.0 2.2000233986628928
9.0 14.0 3.5859627998102885
9.0 15.0 1.1973806706616599
9.0 16.0 1.3777970715964778
9.0 17.0 2.6783646505288408
9.0 18.0 1.5152436204839836
9.0 19.0 1.6763329300982373
10.0 11.0 1.054571302664532
10.0 12.0 1.9606603152798052
10.0 13.0 1.3502703096730377
10.0 14.0 2.7547729396726846
10.0 15.0 1.0535116750919884
10.0 16.0 1.0127016041196106
10.0 17.0 1.841526356568034
10.0 18.0 0.7173461003105424
10.0 19.0 0.9000428137770442
11.0 12.0 2.3432798277785283
11.0 13.0 1.740368625094115
11.0 14.0 3.135184692247507
11.0 15.0 0.924109117570233
11.0 16.0 0.6765724563596146
11.0 17.0 2.2246627721650567
11.0 18.0 1.0427263844118486
11.0 19.0 1.2132132044521846
12.0 13.0 1.2794292016728044
12.0 14.0 1.2859083974141163
12.0 15.0 2.310583188711442
12.0 16.0 2.3073474148859248
12.0 17.0 1.1165232209159095
12.0 18.0 1.9247598807382187
12.0 19.0 1.9950492198758196
13.0 14.0 2.0792775906573104
13.0 15.0 1.7102065077154733
13.0 16.0 1.7038090267604158
13.0 17.0 1.1739852108469413
13.0 18.0 1.3152753335540386
13.0 19.0 1.3853086629067326
14.0 15.0 3.1017516867961183
14.0 16.0 3.0994476413028176
14.0 17.0 1.9115879848314776
14.0 18.0 2.718861952545226
14.0 19.0 2.7895093606540984
15.0 16.0 0.9259952020019968
15.0 17.0 2.192123870075932
15.0 18.0 1.011674715310118
15.0 19.0 1.172219242965741
16.0 17.0 2.188681431345681
16.0 18.0 1.005784743299182
16.0 19.0 1.1778221606326058
17.0 18.0 1.8055291325755354
17.0 19.0 1.8756306459379486
18.0 19.0 0.7413338495600721
