1.0 2.0 49.359846942448485
1.0 3.0 36.48551727933378
1.0 4.0 48.327460150679215
1.0 5.0 34.048042186895366
1.0 6.0 36.6715919995349
1.0 7.0 27.47159532683851
1.0 8.0 30.25861119486837
1.0 9.0 39.731053869754994
1.0 10.0 40.13308313384922
1.0 11.0 39.29595900789816
1.0 12.0 29.64286262834091
1.0 13.0 20.0639873586975
1.0 14.0 47.79950190997535
1.0 15.0 33.85033034025314
1.0 16.0 38.755729033773264
1.0 17.0 31.337911822002347
1.0 18.0 31.554197780070577
1.0 19.0 36.97890195082097
2.0 3.0 35.430316244553524
2.0 4.0 70.70294435361548
2.0 5.0 43.531386846566946
2.0 6.0 41.36872282085243
2.0 7.0 38.87418200441011
2.0 8.0 28.220199489808227
2.0 9.0 49.21639280625661
2.0 10.0 45.4912531771902
2.0 11.0 43.4023934027884
2.0 12.0 54.655368510312826
2.0 13.0 43.411970255909736
2.0 14.0 72.04098385047502
2.0 15.0 39.44492193818605
2.0 16.0 42.48031627432739
2.0 17.0 57.29903279423287
2.0 18.0 35.63043206625526
2.0 19.0 42.928712425419775
3.0 4.0 57.75517654731563
3.0 5.0 30.661912776359692
3.0 6.0 28.386213380126275
3.0 7.0 25.843849162432242
3.0 8.0 19.250617616267984
3.0 9.0 36.33348083016888
3.0 10.0 31.828513468294993
3.0 11.0 29.675299913071072
3.0 12.0 41.76551813345513
3.0 13.0 30.500649984179383
3.0 14.0 59.1549048307907
3.0 15.0 26.77312071070513
3.0 16.0 28.579711320109972
3.0 17.0 44.41262988194839
3.0 18.0 23.178340924962573
3.0 19.0 30.71063433956165
4.0 5.0 56.773790458650666
4.0 6.0 58.62554028399279
4.0 7.0 47.55719850155616
4.0 8.0 51.614986061519346
4.0 9.0 62.43370418381819
4.0 10.0 60.78383325763167
4.0 11.0 60.96783313174908
4.0 12.0 50.7425757699152
4.0 13.0 35.7990200873496
4.0 14.0 69.01393214175434
4.0 15.0 55.96327073653076
4.0 16.0 60.33116894924571
4.0 17.0 53.99059770329328
4.0 18.0 52.54484906922051
4.0 19.0 58.15301399551045
5.0 6.0 27.11793215462682
5.0 7.0 28.253471831316112
5.0 8.0 24.66529924348097
5.0 9.0 19.963594879856647
5.0 10.0 37.01097970528991
5.0 11.0 30.586467133346765
5.0 12.0 38.85244198750689
5.0 13.0 29.258705055238472
5.0 14.0 55.75488347967057
5.0 15.0 24.388728117884916
5.0 16.0 30.621134499355325
5.0 17.0 41.531876457537464
5.0 18.0 28.082221907629666
5.0 19.0 33.7194276527424
6.0 7.0 28.339312632066722
6.0 8.0 22.777319606090416
6.0 9.0 32.75702874315424
6.0 10.0 35.84257424461036
6.0 11.0 27.706357170261505
6.0 12.0 41.85228553789203
6.0 13.0 31.246164372900285
6.0 14.0 59.06791566461342
6.0 15.0 22.698267680954267
6.0 16.0 27.66415309655865
6.0 17.0 44.49473780507185
6.0 18.0 27.003916689281724
6.0 19.0 33.187506138335834
7.0 8.0 19.753451716527586
7.0 9.0 33.947062514536235
7.0 10.0 27.06780454043491
7.0 11.0 30.18573698838899
7.0 12.0 32.907647181840076
7.0 13.0 20.30114688657143
7.0 14.0 50.62531775184602
7.0 15.0 25.985559266249673
7.0 16.0 29.355509149927816
7.0 17.0 35.56432758580458
7.0 18.0 19.527911046089407
7.0 19.0 25.870851356512837
8.0 9.0 30.36141185626996
8.0 10.0 26.816624697472193
8.0 11.0 25.168925004562414
8.0 12.0 35.57301501239199
8.0 13.0 24.30282521939214
8.0 14.0 52.96714821405527
8.0 15.0 20.563545802980187
8.0 16.0 24.34125902525006
8.0 17.0 38.214300894866355
8.0 18.0 15.996372155944073
8.0 19.0 23.0030529149399
9.0 10.0 42.68985639498517
9.0 11.0 36.157499060998134
9.0 12.0 44.405570275165566
9.0 13.0 34.92243338173933
9.0 14.0 61.24319534166833
9.0 15.0 30.1310489748185
9.0 16.0 36.21646033666255
9.0 17.0 47.121742305429706
9.0 18.0 33.77785263983064
9.0 19.0 39.43741583740561
10.0 11.0 36.94228137777513
10.0 12.0 45.45544962206914
10.0 13.0 33.656351380087855
10.0 14.0 62.97928253823183
10.0 15.0 33.91454507762948
10.0 16.0 35.890372623998424
10.0 17.0 48.11197135376822
10.0 18.0 26.891578484445617
10.0 19.0 34.987042488111456
11.0 12.0 44.47755498677793
11.0 13.0 33.6680078091449
11.0 14.0 61.74297167757161
11.0 15.0 27.61564495973127
11.0 16.0 21.961970645552235
11.0 17.0 47.127220570794094
11.0 18.0 28.845480550891686
11.0 19.0 35.46017323148395
12.0 13.0 23.229312914925885
12.0 14.0 29.47332044337973
12.0 15.0 39.05862282697337
12.0 16.0 43.95263691519785
12.0 17.0 26.362190873726767
12.0 18.0 36.93468118182373
12.0 19.0 42.42320740929104
13.0 14.0 41.53439692719385
13.0 15.0 28.541862739786698
13.0 16.0 33.05397141549552
13.0 17.0 26.22853668419816
13.0 18.0 25.25685083936374
13.0 19.0 30.774412937391155
14.0 15.0 56.258049782850264
14.0 16.0 61.24239523268641
14.0 17.0 45.00433249502062
14.0 18.0 54.43396289674001
14.0 19.0 59.92361329527243
15.0 16.0 27.35690157055881
15.0 17.0 41.69254788540089
15.0 18.0 24.790550245722287
15.0 19.0 30.65110171936552
16.0 17.0 46.60252104587026
16.0 18.0 27.94831637462722
16.0 19.0 34.6855772701917
17.0 18.0 39.57784027049487
17.0 19.0 45.055834595027825
18.0 19.0 23.370314451719345
