1.0 2.0 37.1740138932516
1.0 3.0 33.49663547288284
1.0 4.0 46.43554664358253
1.0 5.0 31.399776725276368
1.0 6.0 33.49652834751061
1.0 7.0 26.540731464901114
1.0 8.0 28.399137582607736
1.0 9.0 35.26476221226405
1.0 10.0 34.940617941191235
1.0 11.0 36.649703820193146
1.0 12.0 28.405597921826356
1.0 13.0 19.111002031933992
1.0 14.0 44.672096522380215
1.0 15.0 32.570841248107925
1.0 16.0 36.16647148434653
1.0 17.0 29.567510677352942
1.0 18.0 31.466039229436348
1.0 19.0 33.8555955505798
2.0 3.0 22.408672177066272
2.0 4.0 57.01336374549122
2.0 5.0 29.311785933463415
2.0 6.0 27.250654979531955
2.0 7.0 26.978933456835428
2.0 8.0 16.017993570314086
2.0 9.0 33.20841800604408
2.0 10.0 29.64335026999013
2.0 11.0 30.013288025219303
2.0 12.0 41.50012944517375
2.0 13.0 30.443305040516567
2.0 14.0 57.0418108658614
2.0 15.0 27.08269491076728
2.0 16.0 29.19437042254676
2.0 17.0 43.6183861762794
2.0 18.0 24.938619443956597
2.0 19.0 29.320920021789775
3.0 4.0 53.25775389550784
3.0 5.0 25.71107935123142
3.0 6.0 23.599143268183564
3.0 7.0 23.10132722621902
3.0 8.0 15.848207687119746
3.0 9.0 29.596691024188402
3.0 10.0 25.15129732255729
3.0 11.0 25.65007583172033
3.0 12.0 37.8104208147396
3.0 13.0 26.720401729631355
3.0 14.0 53.35887983612936
3.0 15.0 23.68228761979803
3.0 16.0 24.66107043453524
3.0 17.0 39.93174538677548
3.0 18.0 21.57780196446076
3.0 19.0 26.18832897753647
4.0 5.0 52.418581748899
4.0 6.0 53.847019508699006
4.0 7.0 45.143798753453424
4.0 8.0 48.25202112910671
4.0 9.0 56.270055124379255
4.0 10.0 54.13421213326935
4.0 11.0 56.75833251415261
4.0 12.0 48.118490419327486
4.0 13.0 33.78786659467056
4.0 14.0 64.47504866206985
4.0 15.0 53.05634325443023
4.0 16.0 56.18554055704817
4.0 17.0 50.788603869966295
4.0 18.0 50.970244565821936
4.0 19.0 53.495632705330266
5.0 6.0 22.48628655850436
5.0 7.0 25.113041726179098
5.0 8.0 20.690952882320147
5.0 9.0 15.952845717824093
5.0 10.0 29.6718795465206
5.0 11.0 26.341744228731976
5.0 12.0 35.36694038898816
5.0 13.0 25.69937096647945
5.0 14.0 50.52224854566869
5.0 15.0 21.609938534756182
5.0 16.0 26.393402365645883
5.0 17.0 37.52009516550644
5.0 18.0 25.83214015659265
5.0 19.0 28.625641928422326
6.0 7.0 25.06248969526527
6.0 8.0 18.81308999770767
6.0 9.0 26.35540124788937
6.0 10.0 28.50067398059145
6.0 11.0 23.864758041599316
6.0 12.0 37.73693404486307
6.0 13.0 27.22127632010019
6.0 14.0 53.14023834801321
6.0 15.0 19.941570251578955
6.0 16.0 23.822175815614294
6.0 17.0 39.85745554753472
6.0 18.0 24.72381536819354
6.0 19.0 28.065560595299438
7.0 8.0 18.215472592620173
7.0 9.0 29.00548455757308
7.0 10.0 22.289891144417883
7.0 11.0 27.546828980132716
7.0 12.0 30.971700702754966
7.0 13.0 18.57134437167322
7.0 14.0 46.82552798259606
7.0 15.0 24.537197104826824
7.0 16.0 26.796094515041773
7.0 17.0 33.096027013074576
7.0 18.0 19.87916184637162
7.0 19.0 23.05732852959729
8.0 9.0 24.59485765774263
8.0 10.0 21.231749547655536
8.0 11.0 21.861075034482077
8.0 12.0 32.73827543071042
8.0 13.0 21.665498484503857
8.0 14.0 48.28501244394232
8.0 15.0 18.444757660785484
8.0 16.0 21.11926182183429
8.0 17.0 34.85458157773328
8.0 18.0 15.782023372661133
8.0 19.0 19.953210696531492
9.0 10.0 33.55794296790506
9.0 11.0 30.15148925743567
9.0 12.0 39.11429751366046
9.0 13.0 29.55429439279132
9.0 14.0 54.210903095799054
9.0 15.0 25.55464131768568
9.0 16.0 30.22216756892916
9.0 17.0 41.30178083775418
9.0 18.0 29.733013014080253
9.0 19.0 32.544151908319776
10.0 11.0 30.298279611958847
10.0 12.0 39.28488186120927
10.0 13.0 27.69255752127046
10.0 14.0 54.95444806352539
10.0 15.0 28.349519305268636
10.0 16.0 29.331898430565516
10.0 17.0 41.41202452466301
10.0 18.0 23.17621847656663
10.0 19.0 28.25325726001212
11.0 12.0 40.88669048482717
11.0 13.0 30.194898262623884
11.0 14.0 56.331296885102184
11.0 15.0 25.18426601024842
11.0 16.0 19.844421479272256
11.0 17.0 43.01266818394417
11.0 18.0 27.24833153154922
11.0 19.0 30.978766100354186
12.0 13.0 21.60041903858442
12.0 14.0 26.455712447703057
12.0 15.0 36.83299207220937
12.0 16.0 40.415581557386275
12.0 17.0 24.4824293047325
12.0 18.0 35.863830339797495
12.0 19.0 38.319893598847244
13.0 14.0 37.975760704678066
13.0 15.0 26.399253950392286
13.0 16.0 29.640384510519535
13.0 17.0 24.003158331918662
13.0 18.0 24.39210722975075
13.0 19.0 26.834703906020668
14.0 15.0 52.22125778985104
14.0 16.0 55.88199334500078
14.0 17.0 41.15975354426873
14.0 18.0 51.509481993718
14.0 19.0 53.97665823168372
15.0 16.0 24.961841570458017
15.0 17.0 38.94695607365673
15.0 18.0 24.32570423336771
15.0 19.0 27.382874148299692
16.0 17.0 42.5413369207586
16.0 18.0 26.439766313559957
16.0 19.0 30.290736076353667
17.0 18.0 37.97916019403158
17.0 19.0 40.425007247853046
18.0 19.0 21.984059458874082
