1.0 2.0 38.925270220645004
1.0 3.0 10.105378879075054
1.0 4.0 47.32275106587414
1.0 5.0 10.296108792246859
1.0 6.0 9.935711831327186
1.0 7.0 6.4251785852416265
1.0 8.0 18.845981136443186
1.0 9.0 11.097008425885587
1.0 10.0 27.289923298123554
1.0 11.0 10.51467590515551
1.0 12.0 7.547949686441857
1.0 13.0 4.920787007666697
1.0 14.0 13.384058079922166
1.0 15.0 9.787456759483963
1.0 16.0 10.223556733955927
1.0 17.0 6.242929728732714
1.0 18.0 7.856514424878826
1.0 19.0 22.35123299820932
2.0 3.0 35.4640407532734
2.0 4.0 81.29934348386155
2.0 5.0 37.7423520800327
2.0 6.0 36.72931555939186
2.0 7.0 36.387865240004146
2.0 8.0 43.206285610417
2.0 9.0 38.51940475395194
2.0 10.0 54.99597188499822
2.0 11.0 37.07701967244427
2.0 12.0 42.08476745330728
2.0 13.0 38.98292583542691
2.0 14.0 47.76356102128038
2.0 15.0 36.74301841607174
2.0 16.0 36.73196275112395
2.0 17.0 40.91009065379389
2.0 18.0 35.07525095570502
2.0 19.0 49.975150362340145
3.0 4.0 52.473103598283735
3.0 5.0 8.958923137327703
3.0 6.0 7.929478853873792
3.0 7.0 7.5378885749614195
3.0 8.0 16.48080693119291
3.0 9.0 9.734592358581748
3.0 10.0 26.002584925771302
3.0 11.0 8.068390533680489
3.0 12.0 13.264553998203837
3.0 13.0 10.159861263958115
3.0 14.0 18.944289047948466
3.0 15.0 7.998063863181436
3.0 16.0 7.690392509767672
3.0 17.0 12.089807265046257
3.0 18.0 6.415864129694799
3.0 19.0 21.357521436985813
4.0 5.0 52.82234590450876
4.0 6.0 52.40736527513993
4.0 7.0 48.700102286531475
4.0 8.0 61.20810614855187
4.0 9.0 53.620319290454944
4.0 10.0 69.60234111691815
4.0 11.0 52.93705482349438
4.0 12.0 49.67858028801271
4.0 13.0 45.74019559788898
4.0 14.0 55.52575965201168
4.0 15.0 52.274744204285
4.0 16.0 52.63754236742002
4.0 17.0 48.579836664349365
4.0 18.0 50.199741722971524
4.0 19.0 64.71187670382312
5.0 6.0 5.453835065534054
5.0 7.0 8.657829046996355
5.0 8.0 18.29051887580802
5.0 9.0 3.6715290101562346
5.0 10.0 27.62577191453407
5.0 11.0 7.376311343385534
5.0 12.0 13.354123445470055
5.0 13.0 10.499753049856238
5.0 14.0 18.91508746980758
5.0 15.0 5.023288005718365
5.0 16.0 7.337578509907484
5.0 17.0 12.204335387689468
5.0 18.0 8.176715052542349
5.0 19.0 22.72542970811535
6.0 7.0 7.985525512655762
6.0 8.0 17.381915494174187
6.0 9.0 6.214638577798795
6.0 10.0 26.76888613836146
6.0 11.0 6.181550716339739
6.0 12.0 13.035545645857908
6.0 13.0 10.088915601679883
6.0 14.0 18.64187285723186
6.0 15.0 4.383590743699738
6.0 16.0 6.1374260394685365
6.0 17.0 11.875744154254843
6.0 18.0 7.347889601390759
6.0 19.0 21.9693789518542
7.0 8.0 16.22781845824384
7.0 9.0 9.446509608855187
7.0 10.0 24.32194898432558
7.0 11.0 8.297291051387418
7.0 12.0 9.638223943084803
7.0 13.0 6.361160418486994
7.0 14.0 15.392994947945525
7.0 15.0 7.923678932215141
7.0 16.0 7.9596566511377915
7.0 17.0 8.448436181637026
7.0 18.0 5.103874126998263
7.0 19.0 19.78337430570033
8.0 9.0 19.07084731117552
8.0 10.0 34.98856918295333
8.0 11.0 17.73600326946584
8.0 12.0 22.01821110306115
8.0 13.0 18.887960835484527
8.0 14.0 27.71076676404396
8.0 15.0 17.33334069154165
8.0 16.0 17.396272398578354
8.0 17.0 20.840554696032488
8.0 18.0 14.540351072567871
8.0 19.0 29.36691671419844
9.0 10.0 28.406937299895162
9.0 11.0 8.134057824382149
9.0 12.0 14.153180016926477
9.0 13.0 11.298007925343391
9.0 14.0 19.712865247513033
9.0 15.0 5.808340322048847
9.0 16.0 8.098603148839072
9.0 17.0 13.00434689592076
9.0 18.0 8.959504431463692
9.0 19.0 23.511322783094393
10.0 11.0 26.86560240450031
10.0 12.0 30.4726128049543
10.0 13.0 27.294109036079032
10.0 14.0 36.185210885147605
10.0 15.0 26.778194644589902
10.0 16.0 26.492605199118113
10.0 17.0 29.291448650727524
10.0 18.0 24.11042460210505
10.0 19.0 39.04432797022052
11.0 12.0 13.637593395227906
11.0 13.0 10.62523160989106
11.0 14.0 19.27404602041261
11.0 15.0 6.505904462689163
11.0 16.0 4.346018816023227
11.0 17.0 12.471820758456374
11.0 18.0 7.599473713761087
11.0 19.0 22.339092419866326
12.0 13.0 7.46403371867187
12.0 14.0 10.472490273385826
12.0 15.0 12.88190322642472
12.0 16.0 13.350763434923563
12.0 17.0 6.722255459251109
12.0 18.0 11.046006037484526
12.0 19.0 25.5471152708486
13.0 14.0 13.312045567203409
13.0 15.0 9.954199804612744
13.0 16.0 10.326691646039222
13.0 17.0 6.326250647293357
13.0 18.0 7.875050745037728
13.0 19.0 22.379918388946063
14.0 15.0 18.47996834069006
14.0 16.0 18.99263691761275
14.0 17.0 12.582489766109232
14.0 18.0 16.757970906500326
14.0 19.0 31.25981769596374
15.0 16.0 6.431035998422653
15.0 17.0 11.723614957090845
15.0 18.0 7.311370149072056
15.0 19.0 21.878714620698076
16.0 17.0 12.183897375498379
16.0 18.0 7.247903532667795
16.0 19.0 22.006765272778097
17.0 18.0 9.864214660989289
17.0 19.0 24.36462958745657
18.0 19.0 18.257591706640625
