1.0 2.0 3.5841970137817363
1.0 3.0 2.072791520431282
1.0 4.0 38.19145548556624
1.0 5.0 2.791323057444936
1.0 6.0 2.4160388694340993
1.0 7.0 1.5133231244546415
1.0 8.0 2.1860855117778053
1.0 9.0 3.0362371776816426
1.0 10.0 2.39529531000686
1.0 11.0 2.391156426865115
1.0 12.0 1.5909899742595108
1.0 13.0 1.1315149121179253
1.0 14.0 2.6985827038327024
1.0 15.0 2.498932333959644
1.0 16.0 2.3025472795796453
1.0 17.0 1.4263172078915787
1.0 18.0 1.7985519675365613
1.0 19.0 2.2527151275574546
2.0 3.0 2.483974977403517
2.0 4.0 40.55728131584156
2.0 5.0 3.383807034810846
2.0 6.0 2.966037451417289
2.0 7.0 2.8677574868930438
2.0 8.0 2.5663610163256965
2.0 9.0 3.62594351050629
2.0 10.0 3.2657482634034856
2.0 11.0 2.940938799787476
2.0 12.0 4.161701657923249
2.0 13.0 3.491167575704198
2.0 14.0 5.260321206779032
2.0 15.0 3.0641909982618776
2.0 16.0 2.850764179010236
2.0 17.0 4.030544452436959
2.0 18.0 2.599240602230024
2.0 19.0 3.131261505135005
3.0 4.0 39.045921736853465
3.0 5.0 1.8163885691569193
3.0 6.0 1.3967825384537151
3.0 7.0 1.3537803476358437
3.0 8.0 1.246779461993434
3.0 9.0 2.05821297913508
3.0 10.0 1.7273023354023227
3.0 11.0 1.3596208189715744
3.0 12.0 2.6499515512463496
3.0 13.0 1.9800323217111917
3.0 14.0 3.7483041620739317
3.0 15.0 1.498645192349536
3.0 16.0 1.2664943856524458
3.0 17.0 2.518875009425337
3.0 18.0 1.1202111529767178
3.0 19.0 1.6622807387367438
4.0 5.0 39.775558439879674
4.0 6.0 39.396074039888305
4.0 7.0 38.47632891225841
4.0 8.0 39.158795352874954
4.0 9.0 40.02010823438788
4.0 10.0 39.36431270160451
4.0 11.0 39.36831618005415
4.0 12.0 38.60980463590194
4.0 13.0 37.81910384169182
4.0 14.0 39.71825368670095
4.0 15.0 39.48065569726771
4.0 16.0 39.2789702257666
4.0 17.0 38.5005370458737
4.0 18.0 38.770039587683115
4.0 19.0 39.2251696568443
5.0 6.0 1.310803448972928
5.0 7.0 2.1293361828704285
5.0 8.0 2.0911138662952364
5.0 9.0 1.0663766280536944
5.0 10.0 2.5182962957358246
5.0 11.0 1.5830086138369392
5.0 12.0 3.3617504409805026
5.0 13.0 2.7103862373643994
5.0 14.0 4.453113197925708
5.0 15.0 1.2518755272007833
5.0 16.0 1.580948611076921
5.0 17.0 3.2325264333328394
5.0 18.0 1.9484338861508652
5.0 19.0 2.471001057604917
6.0 7.0 1.7323838861201863
6.0 8.0 1.6779322597510027
6.0 9.0 1.5533745445895089
6.0 10.0 2.1108157247638992
6.0 11.0 1.1760798343778665
6.0 12.0 2.9894260681609386
6.0 13.0 2.330719339361203
6.0 14.0 4.0836527578639945
6.0 15.0 0.9612044395495944
6.0 16.0 1.1650110613064366
6.0 17.0 2.8594027766680914
6.0 18.0 1.5420240683706612
6.0 19.0 2.068534708793756
7.0 8.0 1.4714791922087582
7.0 9.0 2.372521207917192
7.0 10.0 1.63604331584011
7.0 11.0 1.6921518435201415
7.0 12.0 2.0923835031864293
7.0 13.0 1.4083114014325702
7.0 14.0 3.194974844203079
7.0 15.0 1.8242444469922514
7.0 16.0 1.599615623015501
7.0 17.0 1.9604346440390663
7.0 18.0 1.0820294732487343
7.0 19.0 1.5609219314086864
8.0 9.0 2.333505879629185
8.0 10.0 1.898437604338369
8.0 11.0 1.6526222249374842
8.0 12.0 2.764178409776972
8.0 13.0 2.0924027941389083
8.0 14.0 3.86330569269356
8.0 15.0 1.7726558335024225
8.0 16.0 1.5625962299691714
8.0 17.0 2.6328763408152662
8.0 18.0 1.1644816564059088
8.0 19.0 1.6692475148864623
9.0 10.0 2.760565232465356
9.0 11.0 1.8210058955287511
9.0 12.0 3.606744195873924
9.0 13.0 2.954926807448017
9.0 14.0 4.698199201545223
9.0 15.0 1.5034796625541937
9.0 16.0 1.8199363512931215
9.0 17.0 3.4775378369306855
9.0 18.0 2.1910154737594763
9.0 19.0 2.7139063557345
10.0 11.0 2.057668640885086
10.0 12.0 2.9737363714816842
10.0 13.0 2.2983174037055143
10.0 14.0 4.073929531584831
10.0 15.0 2.208558616945044
10.0 16.0 1.9621182114006679
10.0 17.0 2.842235351203312
10.0 18.0 1.5695312018602947
10.0 19.0 2.108278694717301
11.0 12.0 2.965837216904574
11.0 13.0 2.3029685661089085
11.0 14.0 4.061565172685523
11.0 15.0 1.2973681606876437
11.0 16.0 0.9150397061244275
11.0 17.0 2.8354424133374794
11.0 18.0 1.5029619078316636
11.0 19.0 2.0346390237035905
12.0 13.0 1.5866234196692122
12.0 14.0 1.8191633159565685
12.0 15.0 3.0716428472261468
12.0 16.0 2.8775919435372046
12.0 17.0 1.429877787242169
12.0 18.0 2.377903334326955
12.0 19.0 2.832865766540057
13.0 14.0 2.6948646215596046
13.0 15.0 2.415328567292228
13.0 16.0 2.2136135760963573
13.0 17.0 1.4695544575868373
13.0 18.0 1.7030862790653412
13.0 19.0 2.1577677152268273
14.0 15.0 4.16502782652838
14.0 16.0 3.9737260825482164
14.0 17.0 2.534199635649009
14.0 18.0 3.4782177041093068
14.0 19.0 3.9335037584519466
15.0 16.0 1.2848380322125996
15.0 17.0 2.9418191720576163
15.0 18.0 1.6365797080776137
15.0 19.0 2.159818382887261
16.0 17.0 2.7470941520544376
16.0 18.0 1.4102557500305655
16.0 19.0 1.9431598906236847
17.0 18.0 2.246276333674691
17.0 19.0 2.701097515480353
18.0 19.0 1.2877902282577343
